2026-06-30 14:05:13 CST generated day05-动作平面与运动轴.html; image html/assets/阶段1基础科学/day05-动作平面与运动轴.png; progress day advanced to 6
2026-06-30 14:44:25 CST user decision: keep early Day 5 generation as completed; continue from Day 6 on next morning run
2026-07-01 09:01:54 CST morning push generated Day 6 肌肉微观结构-肌丝滑行理论. Files: html/day06-肌肉微观结构-肌丝滑行理论.html, html/assets/阶段1基础科学/day06-肌肉微观结构-肌丝滑行理论.png. Progress advanced to day 7. Validation passed: doctype, closing html, image reference.
2026-07-01 12:03:42 CST review generated: html/review-day06-肌肉微观结构-肌丝滑行理论.html; day0=6; intervals=5,3
2026-07-02 08:50:53 CST morning push generated Day 7 研究方法与统计学循证基础. Files: html/day07-研究方法与统计学循证基础.html, html/assets/阶段1基础科学/day07-研究方法与统计学循证基础.png, html/thumbs/day07-evidence-research-methods-thumbnail.png, xhs/day07. Progress advanced to day 8. Validation passed: html, image ref, thumbnail map, xhs package with 7 slides.
2026-07-02 12:03:14 CST review generated: html/review-day07-研究方法与统计学循证基础.html; day0=7; intervals=6,4; open ok; notification ok
2026-07-03 09:33:17 CST morning push rerun generated Day 8 本体感觉与前庭系统. Files: html/day08-本体感觉与前庭系统.html, html/assets/阶段1基础科学/day08-本体感觉与前庭系统.png, html/thumbs/day08-proprioception-vestibular-thumbnail.png, xhs/day08/. Progress advanced to day 9. Validation passed: html, image ref, thumbnail map, xhs package with 9 slides.
2026-07-03 09:33:17 CST open ok; notification ok; xhs package ready at xhs/day08/.
2026-07-03 12:05:02 CST review generated: html/review-day08-本体感觉与前庭系统.html; day0=8; intervals=7,5,1; open ok; notification ok; validation passed: doctype, inline CSS/JS, links/images exist, 8 recall questions.
2026/7/4 06:35:12 CST morning push generated Day 9 肌纤维类型与特性. HTML: html/day09-肌纤维类型与特性.html. XHS package ready at xhs/day09/. Progress advanced to day 10.
2026-07-04 12:23:21 CST review generated: html/review-day09-肌纤维类型与特性.html; day0=9; intervals=8,6,2; xhs-review/day09 ready; open ok; notification ok; validation passed: doctype, inline CSS/JS, links/images exist, 8 recall questions.
2026-07-05 08:38:31 CST morning push generated Day 10 骨骼肌起止点与命名规则. Files: html/day10-骨骼肌起止点与命名规则.html, html/assets/阶段1基础科学/day10-骨骼肌起止点与命名规则.png, html/thumbs/day10-muscle-origin-insertion-thumbnail.png, xhs/day10/. XHS package includes cover.png, slide-01.png through slide-10.png, title/caption/tags. app.js maps Day 10 page and generated thumbnail. Validation passed; .progress.json advanced to day 11. open and osascript notification succeeded.
2026-07-05 09:00:00 CST generated Day 10 xhs ai-visuals: visual-00-cover.png through visual-10-training-application.png; reran node scripts/generate-xhs-package.js --day=10 with escalation so slides use new visuals. Validation passed: 11 ai visuals, cover, slide-01 through slide-10, title/caption/tags.
2026-07-05 11:26:12 CST review generated: html/review-day10-骨骼肌起止点与命名规则.html; day0=10; intervals=9,7,3; xhs-review/day10 ready; open ok; notification ok; validation passed: doctype, inline CSS/JS, links/images exist, 8 recall questions; .progress.json unchanged at day 11.
2026-07-06 11:36:00 CST Day 11 imagegen补图完成. Files: html/assets/阶段1基础科学/day11-主要肌群-上肢肌功能分群.png, html/thumbs/day11-upper-limb-muscle-groups-thumbnail.png, xhs/day11/ai-visuals/visual-00-cover.png through visual-09-training-application.png. Reran xhs/day11 package with AI visuals; app.js maps Day 11 page and thumbnail; .progress.json advanced to day 12.
2026-07-06 14:05:21 CST review generated: html/review-day11-主要肌群-上肢肌功能分群.html; day0=11; intervals=10,8,4; xhs-review/day11 ready; open ok; notification ok; validation passed: doctype, inline CSS/JS, links/images exist, 8 recall questions; .progress.json unchanged at day 12.
2026-07-06 17:29:53 CST Day 12 generated: html/day12-主要肌群-核心肌群与McGill核心功能分类.html, html/assets/阶段1基础科学/day12-主要肌群-核心肌群与McGill核心功能分类.png, html/thumbs/day12-core-mcgill-functions-thumbnail.png, xhs/day12/. Progress advanced to day 13. XHS package ready at xhs/day12/.
2026-07-06 17:52:31 CST regenerated xhs/day12 after user flagged layout mismatch. Rebuilt cover.png and slide-01 through slide-09 in Day 11-style card layout; replaced generic fallback visuals with topic-specific imagegen visuals; title/caption/tags present. .progress.json unchanged.
2026-07-06 18:08:28 CST reran original Playwright XHS script for Day 12 with sandbox escalation: node scripts/generate-xhs-package.js --day=12 succeeded. xhs/day12 cover.png and slide-01 through slide-09 regenerated by official CSS/Chromium template, restoring browser font stack consistent with prior packages. Removed temporary playwright-font-test.png. Validation passed.
2026-07-06 18:14:56 CST updated XHS title generation: titleText now outputs DayN｜short-title capped at 20 characters, removes parenthetical/suffix, aliases Day12 core topic to 核心肌群四抗. Reran node scripts/generate-xhs-package.js --day=12 with escalation; xhs/day12/title.txt is "Day12｜核心肌群四抗" length 12.
2026-07-07 12:04:21 CST review generated: html/review-day12-主要肌群-核心肌群与McGill核心功能分类.html; day0=12; intervals=11,9,5; xhs-review/day12 ready; open ok; notification ok; validation passed: doctype, inline CSS/JS, links/images exist, 8 recall questions; .progress.json unchanged at day 13.
2026-07-07 17:10:41 CST morning push generated Day 13 肌肉收缩类型. Files: html/day13-肌肉收缩类型.html, html/assets/阶段1基础科学/day13-肌肉收缩类型.png, html/thumbs/day13-muscle-contraction-types-thumbnail.png, xhs/day13/. Updated app.js publishedPages/generatedThumbs. XHS package generated with official Playwright script after sandbox MachPort failure and escalated rerun. Validation passed; .progress.json advanced to day 14.
2026-07-07 17:48:34 CST regenerated Day 13 xhs ai-visuals with per-slide unique images; cleaned stale duplicate visual files; reran official Playwright xhs package at xhs/day13; validation passed unique 10/10 visuals and slide-01..09 present.
2026-07-08 12:05:47 CST review generated: html/review-day13-肌肉收缩类型.html; day0=13; intervals=12,10,6; xhs-review/day13 ready; open ok; notification ok; validation passed: doctype, inline CSS/JS, links/images exist, 8 recall questions; .progress.json unchanged at day 14.
2026-07-08 17:21:34 CST morning push generated Day 14 第2周复盘-本体感觉肌纤维肌群收缩. Files: html/day14-第2周复盘-本体感觉肌纤维肌群收缩.html, html/assets/阶段1基础科学/day14-第2周复盘-本体感觉肌纤维肌群收缩.png, html/thumbs/day14-week2-recap-thumbnail.png, xhs/day14/. Progress advanced to day 15. Validation passed.

[2026-07-09 12:03 Asia/Shanghai] Noon review day14 success
- Read .progress.json day=15, computed day0=14.
- Built review set: Day 14 today, Day 13 1-day, Day 11 3-day, Day 7 7-day; 14-day target absent.
- Generated html/review-day14-第2周复盘-本体感觉肌纤维肌群收缩.html using existing html/assets/阶段1基础科学 images and original day page links.
- Validation passed: doctype, inline CSS/JS only, links/images exist, 8 active recall questions, extractable cards/questions for xhs review script.
- Ran node scripts/generate-xhs-review-package.js --day=14; sandbox Chromium MachPort failed first, escalated rerun succeeded; generated xhs-review/day14/.
- Opened generated HTML and sent osascript notification successfully.
- Logged success to logs/push.log; .progress.json unchanged at day=15.
2026-07-09 17:09:30 CST morning push generated Day 15 生物力学基本概念与力. Files: html/day15-生物力学基本概念与力.html, html/assets/阶段1基础科学/day15-生物力学基本概念与力.png, html/thumbs/day15-biomechanics-force-basics-thumbnail.png, xhs/day15/. Updated app.js publishedPages/generatedThumbs. XHS package includes cover.png, slide-01 through slide-08, title/caption/tags; ai-visuals visual-00 through visual-08. Validation passed and .progress.json advanced to day 16.
2026-07-09 18:20:26 CST fixed Day 15 xhs/day15/ai-visuals duplicate images. Regenerated 9 distinct textless built-in imagegen visuals: cover/base/Fma/vector/force-components/friction/gravity-ground-reaction/center-of-mass/practice. Re-ran official Playwright node scripts/generate-xhs-package.js --day=15 with escalation; xhs/day15 now has cover.png, slide-01 through slide-08, title/caption/tags. Validation passed: visual hashes unique 9/9, slides=8. No progress change.
2026-07-09 18:43:14 CST fixed Day 15 xhs cover crop. Cause: portrait visual-00-cover rendered into wide cover card, cropping lower body/barbell. Replaced visual-00-cover.png with 16:9 horizontal full-body deadlift force visual, reran official Playwright node scripts/generate-xhs-package.js --day=15. Verified cover.png shows full body/barbell; package complete with slides=8, visuals=9, unique visual hashes=9. No progress change.

[2026-07-10 12:05 Asia/Shanghai] Noon review day15 success
- Read .progress.json day=16, computed day0=15.
- Built review set: Day 15 today, Day 14 1-day, Day 12 3-day, Day 8 7-day, Day 1 14-day.
- Generated html/review-day15-生物力学基本概念与力.html using existing html/assets/阶段1基础科学 images and original day page links.
- Validation passed: doctype, inline CSS/JS only, links/images exist, 10 active recall questions, extractable cards/questions for xhs review script.
- Ran node scripts/generate-xhs-review-package.js --day=15; sandbox Chromium MachPort failed first, escalated rerun succeeded; generated xhs-review/day15/.
- Updated review sync/package scripts to preserve required assets image paths and label 14-day interval as R4; regenerated xhs-review/day15/.
- Opened generated HTML and sent osascript notification successfully.
- .progress.json intentionally unchanged.
2026/7/10 17:30:42 Day 16 morning page ready: html/day16-杠杆系统与力矩.html; xhs package ready at xhs/day16/

[2026-07-11 12:33 Asia/Shanghai] Noon review day16 success
- Read .progress.json day=17, computed day0=16.
- Built review set: Day 16 today, Day 15 1-day, Day 13 3-day, Day 9 7-day, Day 2 14-day.
- Generated html/review-day16-杠杆系统与力矩.html using existing html/assets/阶段1基础科学 images and original day page links.
- Validation passed: doctype, inline CSS/JS only, links/images exist, 10 active recall questions, extractable cards/questions for xhs review script.
- Ran node scripts/generate-xhs-review-package.js --day=16; sandbox Chromium MachPort failed first, escalated rerun succeeded; generated xhs-review/day16/ with 14 files.
- Opened generated HTML and sent osascript notification successfully.
- .progress.json intentionally unchanged.
2026-07-11 17:38:57 CST morning push generated Day 17 动作的生物力学分析-动作模式. Files: html/day17-动作的生物力学分析-动作模式.html, html/assets/阶段1基础科学/day17-动作的生物力学分析-动作模式.png, html/thumbs/day17-biomechanical-movement-patterns-thumbnail.png, xhs/day17/. Used built-in imagegen for body diagram, separate textless thumbnail, and 10 XHS ai-visuals. Updated app.js publishedPages/generatedThumbs. Official Playwright XHS script failed in sandbox with Chromium MachPort permission, escalated rerun succeeded. Package includes cover.png, slide-01 through slide-09, title/caption/tags. Validation passed; .progress.json advanced to day 18.
2026-07-11 17:39:30 CST Day17 page opened and macOS notification sent; xhs package ready at xhs/day17/.
2026-07-11 18:10:59 CST Day17 XHS corrected per user feedback: added Day17-specific carousel slides, fixed slide-04 titled-card formatting, reordered slide-06 to 主动肌/协同肌/稳定肌 with more examples, reordered slide-08 to concrete screening cases, fixed Day17 visual mapping, regenerated xhs/day17 via official Playwright script outside sandbox after MachPort sandbox failure. Package validates cover + slide-01..09 + title/caption/tags + 10 ai-visuals. No progress change.

[2026-07-12 12:40 Asia/Shanghai] Noon review day17 success
- Read .progress.json day=18, computed day0=17.
- Built review set: Day 17 today, Day 16 1-day, Day 14 3-day, Day 10 7-day, Day 3 14-day.
- Generated html/review-day17-动作的生物力学分析-动作模式.html using existing html/assets/阶段1基础科学 images and original day page links.
- Validation passed: doctype, inline CSS/JS only, links/images exist, 11 active recall questions, extractable cards/questions for xhs review script.
- Ran node scripts/generate-xhs-review-package.js --day=17; sandbox Chromium MachPort failed first, escalated rerun succeeded; generated xhs-review/day17/ with 14 files.
- Opened generated HTML and sent osascript notification successfully.
- .progress.json intentionally unchanged at day=18.
2026-07-12 13:10:21 CST morning push generated Day 18 脊柱与核心生物力学. Files: html/day18-脊柱与核心生物力学.html, html/assets/阶段1基础科学/day18-脊柱与核心生物力学.png, html/thumbs/day18-spine-core-biomechanics-thumbnail.png, xhs/day18/. Used built-in imagegen for body diagram, separate textless thumbnail, and 11 XHS ai-visuals. Updated app.js publishedPages/generatedThumbs. Official Playwright XHS script failed in sandbox with Chromium MachPort permission, escalated rerun succeeded. Package includes cover.png, slide-01 through slide-09, title/caption/tags. Validation passed; open and osascript notification succeeded; .progress.json advanced to day 19.
2026-07-12 13:26:30 CST Day18 XHS corrected per user feedback: added Day18-specific carousel slides in scripts/generate-xhs-package.js so slide-02/04/06 use titled cards; slide-08 reordered with 硬拉 first and removed stray punctuation-only bullet. Regenerated xhs/day18 via official Playwright script outside sandbox after MachPort sandbox failure. Package validates cover + slide-01..09 + title/caption/tags + 11 ai-visuals. No progress change.

[2026-07-13 12:05 Asia/Shanghai] Noon review day18 success
- Read .progress.json day=19, computed day0=18.
- Built review set: Day 18 today, Day 17 1-day, Day 15 3-day, Day 11 7-day, Day 4 14-day.
- Generated html/review-day18-脊柱与核心生物力学.html using existing thumbnails and original day page links.
- Validation passed: doctype, inline CSS/JS only, links/images exist, 12 active recall questions, extractable cards/questions for xhs review script.
- Ran node scripts/generate-xhs-review-package.js --day=18; sandbox Chromium MachPort failed first, escalated rerun succeeded; generated xhs-review/day18/ with 14 files.
- Opened generated HTML and sent osascript notification successfully.
- .progress.json intentionally unchanged by this run.
2026-07-13 18:04:11 CST morning push generated Day 19 肌力与肌耐力的力学决定因素. Files: html/day19-肌力与肌耐力的力学决定因素.html, html/assets/阶段1基础科学/day19-肌力与肌耐力的力学决定因素.png, html/thumbs/day19-strength-endurance-determinants-thumbnail.png, xhs/day19/. Used built-in imagegen for body diagram, separate textless thumbnail, and 10 XHS ai-visuals. Updated app.js publishedPages/generatedThumbs. Official Playwright XHS script failed in sandbox with Chromium MachPort permission, escalated rerun succeeded. Package includes cover.png, slide-01 through slide-10, title/caption/tags; title.txt length 19. Validation passed; .progress.json advanced to day 20.
2026-07-13 18:06:23 CST Day 19 open and osascript notification succeeded.
2026-07-13 18:20:42 CST Day 19 XHS corrected slides 02/04/06/07 card formatting by adding Day19-specific titled-card slides; rerendered official Playwright package. Progress unchanged day=20.
2026-07-14 14:21:21 CST SUCCESS noon review day19: generated html/review-day19-肌力与肌耐力的力学决定因素.html; review set day19/day18/day16/day12/day05; xhs-review/day19 generated after Chromium sandbox escalation; .progress.json not modified by this run.
2026-07-14 17:28:00 CST Day20 morning push ready: html/day20-运动损伤的力学机制.html; xhs package ready at xhs/day20/
2026-07-14 22:31:58 CST SUCCESS noon review day20: generated html/review-day20-运动损伤的力学机制.html; review set day20/day19/day17/day13/day06; xhs-review/day20 generated after Chromium sandbox escalation; .progress.json not modified by this run.
2026-07-14 22:32:10 CST Day20 review HTML opened and osascript notification sent.
2026-07-14 22:36:42 CST Day20 review style aligned to Day19 layout; xhs-review/day20 regenerated; HTML reopened and notification resent.
2026-07-14 22:35:48 CST Day21 morning push ready: html/day21-第3周复盘-生物力学.html; body image html/assets/阶段1基础科学/day21-第3周复盘-生物力学.png; thumbnail html/thumbs/day21-week3-biomechanics-review-thumbnail.png; xhs package ready at xhs/day21/; progress advanced to day=22.
2026-07-14 22:37:20 CST Day20 review final style pass: thumbnails moved to html/thumbs and ebbinghaus block aligned to Day19 review layout.
2026-07-14 22:48:55 CST Regenerated xhs review packages day12-day20 after script fix: added multiple-choice cards, separated scenario answers, and expanded answer pages.
2026-07-14 22:55:30 CST Regenerated xhs review packages day12-day20 again: removed multiple-choice options, kept short/expanded answers and independent scenario answers.
2026-07-14 22:58:18 CST Regenerated xhs review packages day12-day20 after removing helper prompts from question cards.
2026-07-14 23:03:24 CST Regenerated xhs review packages day12-day20 after open-scenario fix: generic scenario answers now include answer approach plus sample answer.
2026-07-14 23:06:40 CST Regenerated xhs review packages day12-day20 after scenario rewrite request: open scenarios now use answer approach plus sample answer, no generic 3-keyword template.
2026-07-14 23:10:38 CST Regenerated xhs review packages day12-day20 after specific scenario rewrite: topic-based scenario prompts replaced generic fallback.
2026-07-15 12:04:03 CST SUCCESS noon review day21: generated html/review-day21-第3周复盘-生物力学.html; review set day21/day20/day18/day14/day07; xhs-review/day21 generated after Chromium sandbox escalation; .progress.json not modified by this run.
2026-07-15 12:04:20 CST Day21 review HTML opened and osascript notification sent.
2026-07-15 17:11:40 CST Day22 generated: html/day22-能量系统-ATP-PCr系统.html, html/assets/阶段1基础科学/day22-能量系统-ATP-PCr系统.png, html/thumbs/day22-atp-pcr-energy-system-thumbnail.png, xhs/day22/. Progress advanced to day 23.
2026-07-15 17:52:29 CST Day22 XHS regenerated with official Playwright outside sandbox to fix fallback font/style mismatch. Package: xhs/day22, cover.png plus slide-01..08 validated 1080x1440.
2026-07-15 18:32:43 CST Day22 XHS corrected: regenerated distinct ai-visuals for slide-02..07, removed old duplicate/wrong visual-07, reran official Playwright package. Validation: slide-01..08 1080x1440, unique slide perceptual hashes 8/8, contact sheet visually checked.
[2026-07-16T04:04:57.616Z] success noon review day22: html/review-day22-能量系统-ATP-PCr系统.html; xhs-review/day22/ generated; .progress.json unchanged.
[2026-07-16T04:06:52.781Z] updated noon review day22 HTML to use no-text thumbnails; regenerated xhs-review/day22; .progress.json unchanged.
2026-07-16 17:32:16 CST morning push generated Day 23 能量系统-糖酵解系统. Files: html/day23-能量系统-糖酵解系统.html, html/assets/阶段1基础科学/day23-能量系统-糖酵解系统.png, html/thumbs/day23-glycolytic-energy-system-thumbnail.png, xhs/day23/. Used built-in imagegen for body diagram, thumbnail, and XHS ai-visuals. Updated app.js publishedPages/generatedThumbs and Day23-specific XHS slides. XHS package includes cover.png, slide-01 through slide-07, title/caption/tags. Validation passed and .progress.json advanced to day 24.
2026-07-16 17:39:19 CST Day23 body image follow-up: centered top title/subtitle block in html/assets/阶段1基础科学/day23-能量系统-糖酵解系统.png by rebuilding canvas to 1536x1150, preserving lesson content and clearing old left title. Reran node scripts/generate-xhs-package.js --day=23 so slide-01 uses updated centered image. Validation passed.
2026-07-16 18:00:59 CST Day23 XHS follow-up: regenerated xhs/day23 via official Playwright outside sandbox to fix font/style mismatch; package validates cover + slide-01..07 + title/caption/tags.
2026-07-16 18:10:29 CST Day23 XHS content follow-up: expanded small-card text in buildDay23Slides to four richer explanation cards per slide, clarifying meaning/why/training judgment; regenerated xhs/day23 via official Playwright outside sandbox, validation passed.
2026-07-17T12:05+08:00 SUCCESS noon review day23 generated: html/review-day23-能量系统-糖酵解系统.html; xhs-review/day23/; progress unchanged day=24
2026-07-17T12:08+08:00 UPDATE review day23 images switched to no-text html/thumbs thumbnails; regenerated xhs-review/day23/; progress unchanged day=24
2026-07-17T12:23+08:00 UPDATE xhs review answer slides: orange answer-key now concise, gray text now detailed explanation; Day23/Day22 scenario prompts de-duplicated; regenerated xhs-review/day23/.
2026-07-17 17:20:54 CST Day24 morning push generated. HTML: html/day24-能量系统-氧化系统.html. Asset: html/assets/阶段1基础科学/day24-能量系统-氧化系统.png. Thumb: html/thumbs/day24-oxidative-energy-system-thumbnail.png. XHS: xhs/day24/. Progress advanced to day 25.
2026-07-17 17:27:47 CST Day24 body image badge removed: deleted top-left Day24/健身理论 mark, preserved lesson labels, regenerated xhs/day24 package.
2026-07-18 12:00:00 CST success noon review day24: html/review-day24-能量系统-氧化系统.html; xhs-review/day24/ generated; .progress.json unchanged.
2026-07-18 13:44:20 CST updated noon review day24 to no-text thumbs; regenerated xhs-review/day24/; .progress.json unchanged.
2026-07-18 13:50:41 CST Day24 XHS follow-up: rebuilt package with Chinese brand label and richer Day24 slides; removed generic FitnessStudy header and expanded oxidative-system content blocks.
2026-07-18 18:53:49 CST morning push generated Day 25 能量系统交互与运动强度关系. Files: html/day25-能量系统交互与运动强度关系.html, html/assets/阶段1基础科学/day25-能量系统交互与运动强度关系.png, html/thumbs/day25-energy-system-interaction-intensity-thumbnail.png, xhs/day25/. Updated app.js publishedPages/generatedThumbs. node scripts/generate-xhs-package.js --day=25 succeeded. Validation passed: HTML doctype/closing tag/image reference, body image exists, thumbnail exists and app.js maps Day25, xhs/day25 package has cover + slides + title/caption/tags + ai-visuals visual-00..08, open and osascript notification succeeded. .progress.json advanced to day 26.
2026-07-18 19:44:53 CST Day25 XHS follow-up: rebuilt package with 2x2 card-grid slides after fallback-template issue. Distinct titles/bodies verified on slide-02/03/05; progress unchanged day 26.
2026-07-18 19:45:39 CST Day25 XHS follow-up: rebuilt package with 2x2 card-grid slides after fallback-template issue. Distinct titles/bodies verified on slide-02/03/05; progress unchanged day 26.
2026-07-18 22:20:00 CST updated day24 scene question to 2-minute steady-state check; regenerated xhs-review/day24/; .progress.json unchanged.
2026-07-18 22:25:00 CST fixed day24 xhs fallback scene question; regenerated xhs-review/day24/; .progress.json unchanged.
2026-07-18 22:28:08 CST Day25 XHS font/style follow-up: regenerated with Chromium and Day24-style full-width cards; verified slide-02/03/05 and package completeness; progress unchanged day 26.
2026-07-18 22:28:00 CST updated day24 scene wording to split-by-case discussion; regenerated xhs-review/day24/; .progress.json unchanged.
2026-07-18 22:31:00 CST revised day24 scene answer to split steady-state/drop-off timing/cadence cases; regenerated xhs-review/day24/; .progress.json unchanged.
2026-07-19 13:55:38 CST Day26 generated html/day26-神经肌肉接头与兴奋-收缩耦联完整钙链条.html, html/assets/阶段1基础科学/day26-神经肌肉接头与兴奋-收缩耦联完整钙链条.png, html/thumbs/day26-neuromuscular-coupling-thumbnail.png, xhs/day26/. Progress advanced to day 27.
2026-07-19 15:55:40 CST review generated: html/review-day25-能量系统交互与运动强度关系.html; day0=25; intervals=24,22,18,11; xhs-review/day25 ready; open ok; notification ok; validation passed: doctype, inline CSS/JS, links/images exist, 8 recall questions; .progress.json unchanged at day=27.
2026-07-19 16:00:26 CST Day25 review scene question narrowed from generic "related action stuck" to 400m sprint pacing/drop-off case; updated html/review-day25-能量系统交互与运动强度关系.html and scripts/generate-xhs-review-package.js fallback; regenerated xhs-review/day25/ after Chromium sandbox escalation; .progress.json unchanged.
2026-07-19 16:04:13 CST Day25 review scene answer expanded in Day24 split-case style: 400m sprint now explains 0-10s ATP-PCr/front pacing, 30s-2min glycolytic pressure, and late-race mechanics breakdown; regenerated xhs-review/day25/ after Chromium sandbox escalation; .progress.json unchanged.
2026-07-19 16:08:06 CST Day25 review scene answer removed "this question is not asking..." sentence; kept split-case analysis and handling advice; regenerated xhs-review/day25/ after Chromium sandbox escalation; .progress.json unchanged.
2026-07-19 16:14:12 CST Day25 wording cleaned to remove exam-style phrasing like "题干" and "先看"; scene question now asks directly how to judge and adjust; regenerated xhs-review/day25/ after Chromium sandbox escalation; .progress.json unchanged.
2026-07-19 16:22:24 CST fixed Day25 xhs slide-10 scene answer to state direct cause: push-chain late-phase force loss and scapular control breakdown, not just "muscle not big enough"; regenerated xhs-review/day25/ after Chromium sandbox escalation; .progress.json unchanged.
2026-07-19 16:28:49 CST Day25 xhs slide-09/10 duplicate top question removed; left scenario-only upper-limb scene on slide-09 and direct cause on slide-10; regenerated xhs-review/day25/ after Chromium sandbox escalation; .progress.json unchanged.
2026-07-20 12:04:00 CST success noon review day26: html/review-day26-神经肌肉接头与兴奋-收缩耦联完整钙链条.html; review set day26/day25/day23/day19/day12; xhs-review/day26/ generated after Chromium sandbox escalation; validation passed; .progress.json intentionally unchanged.
2026-07-20 12:05:00 CST Day26 review HTML opened and osascript notification sent.
2026-07-20 16:56:48 CST Day26 follow-up: fixed XHS typography/content by adding buildDay26Slides, fixing fallback Day26 branch/brand, enriching HTML explain cards, rerendering xhs/day26 via Chromium. Progress unchanged day 27.
2026-07-20 17:07:16 CST Day26 follow-up: added ACh definition as acetylcholine/乙酰胆碱 in XHS Day26 slides and HTML, rerendered xhs/day26 via Chromium, validation passed; progress unchanged day 27.
2026-07-20 17:00:00 CST morning push generated Day 27 运动单位募集与神经肌肉控制深化. Files: html/day27-运动单位募集与神经肌肉控制深化.html, html/assets/阶段1基础科学/day27-运动单位募集与神经肌肉控制深化.png, html/thumbs/day27-motor-unit-recruitment-control-thumbnail.png, xhs/day27/. Updated app.js publishedPages/generatedThumbs and Day27 XHS slides. Validation passed; .progress.json advanced to day 28.
[2026-07-21T12:06:07+08:00] noon review day27 generated: html/review-day27-运动单位募集与神经肌肉控制深化.html; xhs-review/day27; review set Day27/26/24/20/13; .progress.json unchanged.
[2026-07-21T15:40:33+08:00] day27 review scenario fixed: replaced generic scenario with concrete box-jump case; updated xhs review fallback and regenerated xhs-review/day27.
[2026-07-21T17:00:00+08:00] morning push generated Day 28 第4周复盘-能量系统与神经肌肉. HTML, body image, thumbnail, app.js mappings, xhs/day28/ package and ai-visuals validated. progress.json set to day 28; .progress.json advanced to day 29. HTML opened and desktop notification sent.
[2026-07-22T12:45:29+08:00] noon review day28 generated: html/review-day28-第4周复盘-能量系统与神经肌肉.html; review set Day28/27/25/21/14; xhs-review/day28 generated after Chromium sandbox escalation; validation passed; HTML opened; notification sent; .progress.json unchanged at day 29.
[2026-07-22T17:11:21+08:00] morning push generated Day29 训练适应基本原则. HTML: html/day29-训练适应基本原则.html; body image: html/assets/阶段2训练科学/day29-训练适应基本原则.png; thumbnail: html/thumbs/day29-training-adaptation-principles-thumbnail.png; xhs/day29/ generated with cover + slide-01..07 + title/caption/tags + ai-visuals visual-00..09. app.js publishedPages/generatedThumbs updated. Fallback caption now appends full lesson link. Validation passed; progress.json day=29; .progress.json day=30. HTML opened and notification sent.
[2026-07-22T17:11:21+08:00] Day29 XHS fallback title cleaned to remove parenthetical syllabus note; reran node scripts/generate-xhs-package.js --day=29; final title.txt is Day29｜训练适应基本原则.
2026-07-23 14:17:06 CST Day29 noon review generated: html/review-day29-训练适应基本原则.html; xhs-review/day29 generated via sharp fallback after Chromium sandbox failure; .progress.json unchanged day=30.
2026-07-23 14:18:00 CST Day29 review opened and notification sent successfully.
2026-07-23 17:18:51 CST Day30 morning HTML ready: html/day30-FITT-VP训练变量与ACSM身体活动指南.html; xhs package: xhs/day30; progress day=30; next private day=31
2026-07-23 17:27:57 CST Day30 body image updated: FITT-VP center balanced, ACSM/NASM panels wrapped with full names; xhs/day30 rerendered; progress unchanged day=30 next=31
2026-07-23 17:33:03 CST Day30 body image restored to original AI base with local right-panel text edits only; xhs/day30 rerendered; progress unchanged
2026-07-23 17:38:02 CST Day30 body image restored to original first imagegen output; xhs/day30 rerendered; progress unchanged day=30 next=31
2026-07-24 12:04:58 CST success review day30 generated html/review-day30-FITT-VP训练变量与ACSM身体活动指南.html and xhs-review/day30
2026-07-24 12:06:32 CST follow-up review day30 HTML images switched to no-text thumbs only; xhs-review not regenerated
2026-07-24 12:08:05 CST automation prompt updated: noon review forbids xhs-review generation unless explicitly requested; uses no-text thumbs
2026-07-24 17:00 CST morning push generated Day31 PAR-Q+与医学筛查. Files: html/day31-PAR-Q+与医学筛查.html, html/assets/阶段2训练科学/day31-PAR-Q+与医学筛查.png, html/thumbs/day31-par-q-medical-screening-thumbnail.png, xhs/day31/. Used built-in imagegen for body image, thumbnail, and XHS contact sheet; split contact sheet into ai-visuals visual-01..09 plus visual-00 cover. Updated app.js publishedPages/generatedThumbs. node scripts/generate-xhs-package.js --day=31 succeeded. Validation passed; progress.json set day 31; .progress.json advanced day 32. HTML opened and osascript notification sent.
2026-07-24 17:xx CST Day31 XHS follow-up: user reported card style/text wrong. Root cause: Day31 lacked dedicated buildDay31Slides and sandbox run fell back to generic Python renderer, producing only 7 thin generic slides. Patched scripts/generate-xhs-package.js with Day31-specific denseCompact slides (cover + slide-01..09) and title alias, reran node scripts/generate-xhs-package.js --day=31 outside sandbox with Chromium. Verified slide count 9, 1080x1440, ai-visuals present, and visually checked slide-02/06/09.
